Using pre-set license
Built from '2020.3/staging' branch; Version is '2020.3.10f1 (297d780c91bc) revision 2719096'; Using compiler version '192528614'; Build Type 'Release'
OS: 'Windows 10 Pro; OS build 19042.1288; Version 2009; 64bit' Language: 'en' Physical Memory: 32711 MB
BatchMode: 1, IsHumanControllingUs: 0, StartBugReporterOnCrash: 0, Is64bit: 1, IsPro: 0

 COMMAND LINE ARGUMENTS:
D:\Program Files\2020.3.10f1\Editor\Unity.exe
-adb2
-batchMode
-noUpm
-name
AssetImportWorker0
-projectPath
D:/Morga/Documents/NINJAGO-Journey
-logFile
Logs/AssetImportWorker0.log
-srvPort
64293
Successfully changed project path to: D:/Morga/Documents/NINJAGO-Journey
D:/Morga/Documents/NINJAGO-Journey
Using Asset Import Pipeline V2.
Refreshing native plugins compatible for Editor in 125.82 ms, found 2 plugins.
Preloading 0 native plugins for Editor in 0.00 ms.
Initialize engine version: 2020.3.10f1 (297d780c91bc)
[Subsystems] Discovering subsystems at path D:/Program Files/2020.3.10f1/Editor/Data/Resources/UnitySubsystems
[Subsystems] Discovering subsystems at path D:/Morga/Documents/NINJAGO-Journey/Assets
GfxDevice: creating device client; threaded=0
Direct3D:
    Version:  Direct3D 11.0 [level 11.1]
    Renderer: NVIDIA GeForce GTX 1050 Ti (ID=0x1c82)
    Vendor:   
    VRAM:     4018 MB
    Driver:   27.21.14.6109
Initialize mono
Mono path[0] = 'D:/Program Files/2020.3.10f1/Editor/Data/Managed'
Mono path[1] = 'D:/Program Files/2020.3.10f1/Editor/Data/MonoBleedingEdge/lib/mono/unityjit'
Mono config path = 'D:/Program Files/2020.3.10f1/Editor/Data/MonoBleedingEdge/etc'
Using monoOptions --debugger-agent=transport=dt_socket,embedding=1,server=y,suspend=n,address=127.0.0.1:56860
Begin MonoManager ReloadAssembly
Registering precompiled unity dll's ...
Register platform support module: D:/Program Files/2020.3.10f1/Editor/Data/PlaybackEngines/WebGLSupport/UnityEditor.WebGL.Extensions.dll
Register platform support module: D:/Program Files/2020.3.10f1/Editor/Data/PlaybackEngines/WindowsStandaloneSupport/UnityEditor.WindowsStandalone.Extensions.dll
Registered in 0.011688 seconds.
Native extension for WindowsStandalone target not found
Native extension for WebGL target not found
Refreshing native plugins compatible for Editor in 106.78 ms, found 2 plugins.
Preloading 0 native plugins for Editor in 0.00 ms.
Mono: successfully reloaded assembly
- Completed reload, in  7.845 seconds
Platform modules already initialized, skipping
Registering precompiled user dll's ...
Registered in 0.020905 seconds.
Begin MonoManager ReloadAssembly
Native extension for WindowsStandalone target not found
Native extension for WebGL target not found
Refreshing native plugins compatible for Editor in 0.90 ms, found 2 plugins.
Preloading 0 native plugins for Editor in 0.00 ms.
Mono: successfully reloaded assembly
- Completed reload, in  2.454 seconds
Platform modules already initialized, skipping
========================================================================
Worker process is ready to serve import requests
Launched and connected shader compiler UnityShaderCompiler.exe after 0.35 seconds
Refreshing native plugins compatible for Editor in 3.04 ms, found 2 plugins.
Preloading 0 native plugins for Editor in 0.00 ms.
Unloading 2023 Unused Serialized files (Serialized files now loaded: 0)
System memory in use before: 94.6 MB.
System memory in use after: 94.7 MB.

Unloading 20 unused Assets to reduce memory usage. Loaded Objects now: 2459.
Total: 17.842000 ms (FindLiveObjects: 1.517300 ms CreateObjectMapping: 1.459200 ms MarkObjects: 13.654900 ms  DeleteObjects: 1.208100 ms)

========================================================================
Received Import Request.
  path: Assets/LEGO/Scripts/UI/Unity.LEGO.UI.asmdef
  artifactKey: Guid(5b3d0b8d17f28de41ad07fa595d5d3ed) Importer(815301076,1909f56bfc062723c751e8b465ee728b)
Start importing Assets/LEGO/Scripts/UI/Unity.LEGO.UI.asmdef using Guid(5b3d0b8d17f28de41ad07fa595d5d3ed) Importer(815301076,1909f56bfc062723c751e8b465ee728b)  -> (artifact id: '3650dea59863e8cf54a8bbe437b35807') in 0.610406 seconds
  Import took 0.660876 seconds .

========================================================================
Received Prepare
Registering precompiled user dll's ...
Registered in 0.020511 seconds.
Begin MonoManager ReloadAssembly
Native extension for WindowsStandalone target not found
Native extension for WebGL target not found
Refreshing native plugins compatible for Editor in 1.03 ms, found 2 plugins.
Preloading 0 native plugins for Editor in 0.00 ms.
Mono: successfully reloaded assembly
- Completed reload, in  1.357 seconds
Platform modules already initialized, skipping
Refreshing native plugins compatible for Editor in 0.85 ms, found 2 plugins.
Preloading 0 native plugins for Editor in 0.00 ms.
Unloading 1983 Unused Serialized files (Serialized files now loaded: 0)
System memory in use before: 92.1 MB.
System memory in use after: 92.2 MB.

Unloading 15 unused Assets to reduce memory usage. Loaded Objects now: 2461.
Total: 2.803200 ms (FindLiveObjects: 0.221100 ms CreateObjectMapping: 0.094400 ms MarkObjects: 2.455500 ms  DeleteObjects: 0.030200 ms)

========================================================================
Received Prepare
Registering precompiled user dll's ...
Registered in 0.009704 seconds.
Begin MonoManager ReloadAssembly
Native extension for WindowsStandalone target not found
Native extension for WebGL target not found
Refreshing native plugins compatible for Editor in 0.68 ms, found 2 plugins.
Preloading 0 native plugins for Editor in 0.00 ms.
Mono: successfully reloaded assembly
- Completed reload, in  1.319 seconds
Platform modules already initialized, skipping
Refreshing native plugins compatible for Editor in 0.69 ms, found 2 plugins.
Preloading 0 native plugins for Editor in 0.00 ms.
Unloading 1983 Unused Serialized files (Serialized files now loaded: 0)
System memory in use before: 92.1 MB.
System memory in use after: 92.2 MB.

Unloading 15 unused Assets to reduce memory usage. Loaded Objects now: 2463.
Total: 2.113700 ms (FindLiveObjects: 0.216700 ms CreateObjectMapping: 0.086000 ms MarkObjects: 1.782800 ms  DeleteObjects: 0.026400 ms)

========================================================================
Received Import Request.
  Time since last request: 143.072071 seconds.
  path: Assets/AddOns/MgLEGO Ninjago/Scenes/GameScene.unity
  artifactKey: Guid(8f67e158209b56e4bab401736452ea19) Importer(815301076,1909f56bfc062723c751e8b465ee728b)
Start importing Assets/AddOns/MgLEGO Ninjago/Scenes/GameScene.unity using Guid(8f67e158209b56e4bab401736452ea19) Importer(815301076,1909f56bfc062723c751e8b465ee728b)  -> (artifact id: 'e18e367123cd35c107d5495f83a4b5f0') in 0.041458 seconds
  Import took 0.045633 seconds .

========================================================================
Received Prepare
Registering precompiled user dll's ...
Registered in 0.011714 seconds.
Begin MonoManager ReloadAssembly
Native extension for WindowsStandalone target not found
Native extension for WebGL target not found
Refreshing native plugins compatible for Editor in 0.73 ms, found 2 plugins.
Preloading 0 native plugins for Editor in 0.00 ms.
Mono: successfully reloaded assembly
- Completed reload, in  1.396 seconds
Platform modules already initialized, skipping
Refreshing native plugins compatible for Editor in 0.70 ms, found 2 plugins.
Preloading 0 native plugins for Editor in 0.00 ms.
Unloading 1983 Unused Serialized files (Serialized files now loaded: 0)
System memory in use before: 92.1 MB.
System memory in use after: 92.3 MB.

Unloading 15 unused Assets to reduce memory usage. Loaded Objects now: 2465.
Total: 3.062100 ms (FindLiveObjects: 0.346300 ms CreateObjectMapping: 0.113500 ms MarkObjects: 2.572400 ms  DeleteObjects: 0.028200 ms)

========================================================================
Received Prepare
Registering precompiled user dll's ...
Registered in 0.017379 seconds.
Begin MonoManager ReloadAssembly
Native extension for WindowsStandalone target not found
Native extension for WebGL target not found
Refreshing native plugins compatible for Editor in 0.69 ms, found 2 plugins.
Preloading 0 native plugins for Editor in 0.00 ms.
Mono: successfully reloaded assembly
- Completed reload, in  2.100 seconds
Platform modules already initialized, skipping
Refreshing native plugins compatible for Editor in 0.73 ms, found 2 plugins.
Preloading 0 native plugins for Editor in 0.00 ms.
Unloading 1983 Unused Serialized files (Serialized files now loaded: 0)
System memory in use before: 92.1 MB.
System memory in use after: 92.3 MB.

Unloading 15 unused Assets to reduce memory usage. Loaded Objects now: 2467.
Total: 2.906200 ms (FindLiveObjects: 0.229700 ms CreateObjectMapping: 0.095700 ms MarkObjects: 2.554700 ms  DeleteObjects: 0.024600 ms)

========================================================================
Received Import Request.
  Time since last request: 39.640628 seconds.
  path: Assets/Prefabs/HUD.prefab
  artifactKey: Guid(f7df18c944858454eb31b48e8997f5c8) Importer(815301076,1909f56bfc062723c751e8b465ee728b)
Start importing Assets/Prefabs/HUD.prefab using Guid(f7df18c944858454eb31b48e8997f5c8) Importer(815301076,1909f56bfc062723c751e8b465ee728b)  -> (artifact id: '598b8f0f3ad33f3114794dfd70f7e430') in 0.107787 seconds
  Import took 0.113210 seconds .

========================================================================
Received Import Request.
  Time since last request: 15.923684 seconds.
  path: Assets/Prefabs/ChunkPart 1.prefab
  artifactKey: Guid(70489c288c24cd44a8d83749fa4ebe93) Importer(815301076,1909f56bfc062723c751e8b465ee728b)
Start importing Assets/Prefabs/ChunkPart 1.prefab using Guid(70489c288c24cd44a8d83749fa4ebe93) Importer(815301076,1909f56bfc062723c751e8b465ee728b)  -> (artifact id: '3d551c14a46079ea1ea8975d075e201d') in 1.106516 seconds
  Import took 1.113058 seconds .

========================================================================
Received Prepare
Refreshing native plugins compatible for Editor in 6.25 ms, found 2 plugins.
Preloading 0 native plugins for Editor in 0.00 ms.
Unloading 12 Unused Serialized files (Serialized files now loaded: 0)
System memory in use before: 57.9 MB.
System memory in use after: 58.0 MB.

Unloading 12 unused Assets to reduce memory usage. Loaded Objects now: 2475.
Total: 3.044100 ms (FindLiveObjects: 0.245800 ms CreateObjectMapping: 0.099700 ms MarkObjects: 2.676300 ms  DeleteObjects: 0.021000 ms)

========================================================================
Received Prepare
Refreshing native plugins compatible for Editor in 7.28 ms, found 2 plugins.
Preloading 0 native plugins for Editor in 0.00 ms.
Unloading 12 Unused Serialized files (Serialized files now loaded: 0)
System memory in use before: 57.9 MB.
System memory in use after: 58.0 MB.

Unloading 12 unused Assets to reduce memory usage. Loaded Objects now: 2475.
Total: 3.846700 ms (FindLiveObjects: 0.257700 ms CreateObjectMapping: 0.095200 ms MarkObjects: 3.470300 ms  DeleteObjects: 0.022300 ms)

========================================================================
Received Prepare
Registering precompiled user dll's ...
Registered in 0.009385 seconds.
Begin MonoManager ReloadAssembly
Native extension for WindowsStandalone target not found
Native extension for WebGL target not found
Refreshing native plugins compatible for Editor in 0.66 ms, found 2 plugins.
Preloading 0 native plugins for Editor in 0.00 ms.
Mono: successfully reloaded assembly
- Completed reload, in  1.516 seconds
Platform modules already initialized, skipping
Refreshing native plugins compatible for Editor in 0.66 ms, found 2 plugins.
Preloading 0 native plugins for Editor in 0.00 ms.
Unloading 1983 Unused Serialized files (Serialized files now loaded: 0)
System memory in use before: 95.3 MB.
System memory in use after: 95.4 MB.

Unloading 15 unused Assets to reduce memory usage. Loaded Objects now: 2477.
Total: 2.376800 ms (FindLiveObjects: 0.219200 ms CreateObjectMapping: 0.085200 ms MarkObjects: 2.047600 ms  DeleteObjects: 0.023200 ms)

========================================================================
Received Prepare
Refreshing native plugins compatible for Editor in 8.17 ms, found 2 plugins.
Preloading 0 native plugins for Editor in 0.00 ms.
Unloading 12 Unused Serialized files (Serialized files now loaded: 0)
System memory in use before: 56.1 MB.
System memory in use after: 56.2 MB.

Unloading 12 unused Assets to reduce memory usage. Loaded Objects now: 2477.
Total: 2.245500 ms (FindLiveObjects: 0.240800 ms CreateObjectMapping: 0.094700 ms MarkObjects: 1.891100 ms  DeleteObjects: 0.017800 ms)

AssetImportWorkerClient::OnTransportError - code=2 error=End of file
